C:\Users\307\Desktop\SP4\Lion_Lanes\Debug\Lion_Lanes.exe
C:\Users\307\Desktop\SP4\Lion_Lanes\Debug\Lion_Lanes.ilk
C:\Users\307\Desktop\SP4\Lion_Lanes\Debug\Lion_Lanes.pdb
C:\Users\307\Desktop\SP4\Lion_Lanes\Lion_Lanes\Debug\cl.command.1.tlog
C:\Users\307\Desktop\SP4\Lion_Lanes\Lion_Lanes\Debug\CL.read.1.tlog
C:\Users\307\Desktop\SP4\Lion_Lanes\Lion_Lanes\Debug\CL.write.1.tlog
C:\Users\307\Desktop\SP4\Lion_Lanes\Lion_Lanes\Debug\Future_Tense.exe.intermediate.manifest
C:\Users\307\Desktop\SP4\Lion_Lanes\Lion_Lanes\Debug\Future_Tense.vcxprojResolveAssemblyReference.cache
C:\Users\307\Desktop\SP4\Lion_Lanes\Lion_Lanes\Debug\Future_Tense.write.1.tlog
C:\Users\307\Desktop\SP4\Lion_Lanes\Lion_Lanes\Debug\link.command.1.tlog
C:\Users\307\Desktop\SP4\Lion_Lanes\Lion_Lanes\Debug\link.read.1.tlog
C:\Users\307\Desktop\SP4\Lion_Lanes\Lion_Lanes\Debug\link.write.1.tlog
C:\Users\307\Desktop\SP4\Lion_Lanes\Lion_Lanes\Debug\Lion_Lanes.exe.intermediate.manifest
C:\Users\307\Desktop\SP4\Lion_Lanes\Lion_Lanes\Debug\Lion_Lanes.vcxprojResolveAssemblyReference.cache
C:\Users\307\Desktop\SP4\Lion_Lanes\Lion_Lanes\Debug\Lion_Lanes.write.1.tlog
C:\Users\307\Desktop\SP4\Lion_Lanes\Lion_Lanes\Debug\loadobj.obj
C:\Users\307\Desktop\SP4\Lion_Lanes\Lion_Lanes\Debug\loadTGA.obj
C:\Users\307\Desktop\SP4\Lion_Lanes\Lion_Lanes\Debug\main.obj
C:\Users\307\Desktop\SP4\Lion_Lanes\Lion_Lanes\Debug\mt.command.1.tlog
C:\Users\307\Desktop\SP4\Lion_Lanes\Lion_Lanes\Debug\mt.read.1.tlog
C:\Users\307\Desktop\SP4\Lion_Lanes\Lion_Lanes\Debug\mt.write.1.tlog
C:\Users\307\Desktop\SP4\Lion_Lanes\Lion_Lanes\Debug\ODragon.obj
C:\Users\307\Desktop\SP4\Lion_Lanes\Lion_Lanes\Debug\ORock.obj
C:\Users\307\Desktop\SP4\Lion_Lanes\Lion_Lanes\Debug\OTemplate.obj
C:\Users\307\Desktop\SP4\Lion_Lanes\Lion_Lanes\Debug\Projectile.obj
C:\Users\307\Desktop\SP4\Lion_Lanes\Lion_Lanes\Debug\rendermesh.obj
C:\Users\307\Desktop\SP4\Lion_Lanes\Lion_Lanes\Debug\vc100.idb
C:\Users\307\Desktop\SP4\Lion_Lanes\Lion_Lanes\Debug\vc100.pdb
C:\Users\307\Desktop\SP4\Lion_Lanes\Lion_Lanes\Debug\video.obj
C:\USERS\307\DOCUMENTS\VISUAL STUDIO 2010\PROJECTS\LION_LANES\DEBUG\LION_LANES.EXE
C:\USERS\307\DOCUMENTS\VISUAL STUDIO 2010\PROJECTS\LION_LANES\DEBUG\LION_LANES.ILK
C:\USERS\307\DOCUMENTS\VISUAL STUDIO 2010\PROJECTS\LION_LANES\DEBUG\LION_LANES.PDB
C:\USERS\307\DOCUMENTS\VISUAL STUDIO 2010\PROJECTS\LION_LANES\LION_LANES\DEBUG\LION_LANES.EXE.INTERMEDIATE.MANIFEST
C:\USERS\307\DOCUMENTS\VISUAL STUDIO 2010\PROJECTS\LION_LANES\LION_LANES\DEBUG\LOADOBJ.OBJ
C:\USERS\307\DOCUMENTS\VISUAL STUDIO 2010\PROJECTS\LION_LANES\LION_LANES\DEBUG\LOADTGA.OBJ
C:\USERS\307\DOCUMENTS\VISUAL STUDIO 2010\PROJECTS\LION_LANES\LION_LANES\DEBUG\MAIN.OBJ
C:\USERS\307\DOCUMENTS\VISUAL STUDIO 2010\PROJECTS\LION_LANES\LION_LANES\DEBUG\ODRAGON.OBJ
C:\USERS\307\DOCUMENTS\VISUAL STUDIO 2010\PROJECTS\LION_LANES\LION_LANES\DEBUG\OROCK.OBJ
C:\USERS\307\DOCUMENTS\VISUAL STUDIO 2010\PROJECTS\LION_LANES\LION_LANES\DEBUG\OTEMPLATE.OBJ
C:\USERS\307\DOCUMENTS\VISUAL STUDIO 2010\PROJECTS\LION_LANES\LION_LANES\DEBUG\PROJECTILE.OBJ
C:\USERS\307\DOCUMENTS\VISUAL STUDIO 2010\PROJECTS\LION_LANES\LION_LANES\DEBUG\RENDERMESH.OBJ
C:\USERS\307\DOCUMENTS\VISUAL STUDIO 2010\PROJECTS\LION_LANES\LION_LANES\DEBUG\VC100.PDB
C:\USERS\ZAINI\DOCUMENTS\VISUAL STUDIO 2010\PROJECTS\FUTURE_TENSE\DEBUG\FUTURE_TENSE.EXE
C:\USERS\ZAINI\DOCUMENTS\VISUAL STUDIO 2010\PROJECTS\FUTURE_TENSE\DEBUG\FUTURE_TENSE.ILK
C:\USERS\ZAINI\DOCUMENTS\VISUAL STUDIO 2010\PROJECTS\FUTURE_TENSE\DEBUG\FUTURE_TENSE.PDB
C:\USERS\ZAINI\DOCUMENTS\VISUAL STUDIO 2010\PROJECTS\FUTURE_TENSE\FUTURE_TENSE\DEBUG\FUTURE_TENSE.EXE.INTERMEDIATE.MANIFEST
C:\USERS\ZAINI\DOCUMENTS\VISUAL STUDIO 2010\PROJECTS\FUTURE_TENSE\FUTURE_TENSE\DEBUG\LOADOBJ.OBJ
C:\USERS\ZAINI\DOCUMENTS\VISUAL STUDIO 2010\PROJECTS\FUTURE_TENSE\FUTURE_TENSE\DEBUG\LOADTGA.OBJ
C:\USERS\ZAINI\DOCUMENTS\VISUAL STUDIO 2010\PROJECTS\FUTURE_TENSE\FUTURE_TENSE\DEBUG\MAIN.OBJ
C:\USERS\ZAINI\DOCUMENTS\VISUAL STUDIO 2010\PROJECTS\FUTURE_TENSE\FUTURE_TENSE\DEBUG\ODRAGON.OBJ
C:\USERS\ZAINI\DOCUMENTS\VISUAL STUDIO 2010\PROJECTS\FUTURE_TENSE\FUTURE_TENSE\DEBUG\OTEMPLATE.OBJ
C:\USERS\ZAINI\DOCUMENTS\VISUAL STUDIO 2010\PROJECTS\FUTURE_TENSE\FUTURE_TENSE\DEBUG\PROJECTILE.OBJ
C:\USERS\ZAINI\DOCUMENTS\VISUAL STUDIO 2010\PROJECTS\FUTURE_TENSE\FUTURE_TENSE\DEBUG\RENDERMESH.OBJ
C:\USERS\ZAINI\DOCUMENTS\VISUAL STUDIO 2010\PROJECTS\FUTURE_TENSE\FUTURE_TENSE\DEBUG\VC100.PDB
C:\USERS\ZYRO FALCON\DOCUMENTS\VISUAL STUDIO 2010\PROJECTS\000 FT2015\FUTURE_TENSE\DEBUG\FUTURE_TENSE.EXE
C:\USERS\ZYRO FALCON\DOCUMENTS\VISUAL STUDIO 2010\PROJECTS\000 FT2015\FUTURE_TENSE\DEBUG\FUTURE_TENSE.ILK
C:\USERS\ZYRO FALCON\DOCUMENTS\VISUAL STUDIO 2010\PROJECTS\000 FT2015\FUTURE_TENSE\DEBUG\FUTURE_TENSE.PDB
C:\USERS\ZYRO FALCON\DOCUMENTS\VISUAL STUDIO 2010\PROJECTS\000 FT2015\FUTURE_TENSE\FUTURE_TENSE\DEBUG\FUTURE_TENSE.EXE.INTERMEDIATE.MANIFEST
C:\USERS\ZYRO FALCON\DOCUMENTS\VISUAL STUDIO 2010\PROJECTS\000 FT2015\FUTURE_TENSE\FUTURE_TENSE\DEBUG\LOADOBJ.OBJ
C:\USERS\ZYRO FALCON\DOCUMENTS\VISUAL STUDIO 2010\PROJECTS\000 FT2015\FUTURE_TENSE\FUTURE_TENSE\DEBUG\LOADTGA.OBJ
C:\USERS\ZYRO FALCON\DOCUMENTS\VISUAL STUDIO 2010\PROJECTS\000 FT2015\FUTURE_TENSE\FUTURE_TENSE\DEBUG\MAIN.OBJ
C:\USERS\ZYRO FALCON\DOCUMENTS\VISUAL STUDIO 2010\PROJECTS\000 FT2015\FUTURE_TENSE\FUTURE_TENSE\DEBUG\ODRAGON.OBJ
C:\USERS\ZYRO FALCON\DOCUMENTS\VISUAL STUDIO 2010\PROJECTS\000 FT2015\FUTURE_TENSE\FUTURE_TENSE\DEBUG\OTEMPLATE.OBJ
C:\USERS\ZYRO FALCON\DOCUMENTS\VISUAL STUDIO 2010\PROJECTS\000 FT2015\FUTURE_TENSE\FUTURE_TENSE\DEBUG\PROJECTILE.OBJ
C:\USERS\ZYRO FALCON\DOCUMENTS\VISUAL STUDIO 2010\PROJECTS\000 FT2015\FUTURE_TENSE\FUTURE_TENSE\DEBUG\RENDERMESH.OBJ
C:\USERS\ZYRO FALCON\DOCUMENTS\VISUAL STUDIO 2010\PROJECTS\000 FT2015\FUTURE_TENSE\FUTURE_TENSE\DEBUG\VC100.PDB
C:\USERS\ZYRO FALCON\DOCUMENTS\VISUAL STUDIO 2010\PROJECTS\000 FT2015\FUTURE_TENSE\FUTURE_TENSE\DEBUG\VIDEO.OBJ
